[00:55:27] [ServerMain/INFO]: [bootstrap] Running Java 21 (OpenJDK 64-Bit Server VM 21.0.3+9-LTS; Microsoft Microsoft-9388422) on Linux 6.5.0-1022-azure (amd64)
[00:55:27] [ServerMain/INFO]: [bootstrap] Loading Paper 1.21-129-master@4d7cef3 (2024-08-09T21:04:23Z) for Minecraft 1.21
[00:55:27] [ServerMain/INFO]: [PluginInitializerManager] Initializing plugins...
[00:55:27] [ServerMain/INFO]: [PluginInitializerManager] Initialized 0 plugins
[00:55:39] [ServerMain/INFO]: Environment: Environment[sessionHost=https://sessionserver.mojang.com, servicesHost=https://api.minecraftservices.com, name=PROD]
[00:55:43] [ServerMain/INFO]: Loaded 1290 recipes
[00:55:44] [ServerMain/INFO]: Loaded 1399 advancements
[00:55:44] [Server thread/INFO]: Starting minecraft server version 1.21
[00:55:44] [Server thread/INFO]: Loading properties
[00:55:44] [Server thread/INFO]: This server is running Paper version 1.21-129-master@4d7cef3 (2024-08-09T21:04:23Z) (Implementing API version 1.21-R0.1-SNAPSHOT)
[00:55:46] [Server thread/INFO]: [spark] This server bundles the spark profiler. For more information please visit https://docs.papermc.io/paper/profiling
[00:55:46] [Server thread/INFO]: Server Ping Player Sample Count: 12
[00:55:46] [Server thread/INFO]: Using 4 threads for Netty based IO
[00:55:48] [Server thread/INFO]: [ChunkTaskScheduler] Chunk system is using 1 I/O threads, 1 worker threads, and population gen parallelism of 1 threads
[00:55:48] [Server thread/INFO]: Default game type: SURVIVAL
[00:55:48] [Server thread/INFO]: Generating keypair
[00:55:48] [Server thread/INFO]: Starting Minecraft server on *:25565
[00:55:48] [Server thread/INFO]: Using epoll channel type
[00:55:48] [Server thread/INFO]: Paper: Using libdeflate (Linux x86_64) compression from Velocity.
[00:55:48] [Server thread/INFO]: Paper: Using OpenSSL 1.1.x (Linux x86_64) cipher from Velocity.
[00:55:48] [Server thread/INFO]: Server permissions file permissions.yml is empty, ignoring it
[00:55:48] [Server thread/INFO]: Preparing level "world"
[00:55:50] [Server thread/INFO]: Preparing start region for dimension minecraft:overworld
[00:55:50] [Server thread/INFO]: Time elapsed: 4 ms
[00:55:50] [Server thread/INFO]: Preparing start region for dimension minecraft:the_nether
[00:55:54] [Server thread/INFO]: Time elapsed: 3821 ms
[00:55:54] [Server thread/INFO]: Preparing start region for dimension minecraft:the_end
[00:55:54] [Server thread/INFO]: Time elapsed: 345 ms
[00:55:54] [Server thread/INFO]: [spark] Starting background profiler...
[00:55:57] [Server thread/INFO]: Done preparing level "world" (8.225s)
[00:55:57] [Server thread/INFO]: Running delayed init tasks
[00:55:57] [Server thread/INFO]: Done (32.705s)! For help, type "help"
[00:55:57] [Server thread/INFO]: Timings Reset
[00:56:07] [User Authenticator #0/INFO]: UUID of player froskrunw36 is 3182ade1-6254-4b78-9355-c1d4ce4a3a45
[00:56:11] [Server thread/INFO]: froskrunw36 joined the game
[00:56:12] [Server thread/INFO]: froskrunw36[/127.108.18.225:57545] logged in with entity id 12 at ([world]-976.2356042455403, 97.0, 1653.7343291275622)
[00:56:13] [Server thread/WARN]: Can't keep up! Is the server overloaded? Running 2516ms or 50 ticks behind
[01:01:22] [Server thread/INFO]: froskrunw36 lost connection: Disconnected
[01:01:23] [Server thread/INFO]: froskrunw36 left the game
[01:01:41] [Server thread/INFO]: Stopping the server
[01:01:41] [Server thread/INFO]: Stopping server
[01:01:41] [Server thread/INFO]: Saving players
[01:01:41] [Server thread/INFO]: Saving worlds
[01:01:41] [Server thread/INFO]: Saving chunks for level 'ServerLevel[world]'/minecraft:overworld
[01:01:41] [Server thread/INFO]: [ChunkHolderManager] Waiting 60s for chunk system to halt for world 'world'
[01:01:41] [Server thread/INFO]: [ChunkHolderManager] Halted chunk system for world 'world'
[01:01:41] [Server thread/INFO]: [ChunkHolderManager] Saving all chunkholders for world 'world'
[01:01:41] [Server thread/INFO]: [ChunkHolderManager] Saved 0 block chunks, 0 entity chunks, 0 poi chunks in world 'world' in 0.05s
[01:01:41] [Server thread/INFO]: Saving chunks for level 'ServerLevel[world_nether]'/minecraft:the_nether
[01:01:41] [Server thread/INFO]: [ChunkHolderManager] Waiting 60s for chunk system to halt for world 'world_nether'
[01:01:41] [Server thread/INFO]: [ChunkHolderManager] Halted chunk system for world 'world_nether'
[01:01:41] [Server thread/INFO]: [ChunkHolderManager] Saving all chunkholders for world 'world_nether'
[01:01:41] [Server thread/INFO]: [ChunkHolderManager] Saved 0 block chunks, 7 entity chunks, 0 poi chunks in world 'world_nether' in 0.01s
[01:01:41] [Server thread/INFO]: Saving chunks for level 'ServerLevel[world_the_end]'/minecraft:the_end
[01:01:41] [Server thread/INFO]: [ChunkHolderManager] Waiting 60s for chunk system to halt for world 'world_the_end'
[01:01:41] [Server thread/INFO]: [ChunkHolderManager] Halted chunk system for world 'world_the_end'
[01:01:41] [Server thread/INFO]: [ChunkHolderManager] Saving all chunkholders for world 'world_the_end'
[01:01:41] [Server thread/INFO]: [ChunkHolderManager] Saved 0 block chunks, 0 entity chunks, 0 poi chunks in world 'world_the_end' in 0.00s
[01:01:41] [Server thread/INFO]: ThreadedAnvilChunkStorage (world): All chunks are saved
[01:01:41] [Server thread/INFO]: ThreadedAnvilChunkStorage (DIM-1): All chunks are saved
[01:01:41] [Server thread/INFO]: ThreadedAnvilChunkStorage (DIM1): All chunks are saved
[01:01:41] [Server thread/INFO]: ThreadedAnvilChunkStorage: All dimensions are saved
